<?xml version="1.0" encoding="UTF-8"?>
<testsuite xmlns:xsi="http://www.w3.org/2001/XMLSchema-instance" xsi:noNamespaceSchemaLocation="https://maven.apache.org/surefire/maven-surefire-plugin/xsd/surefire-test-report.xsd" name="com.mercado.wsprocessador.WsprocessadorApplicationTests" time="4.747" tests="1" errors="0" skipped="0" failures="0">
  <properties>
    <property name="java.specification.version" value="17"/>
    <property name="sun.cpu.isalist" value="amd64"/>
    <property name="sun.jnu.encoding" value="Cp1252"/>
    <property name="java.class.path" value="D:\workspace-mercado\wsprocessador\target\test-classes;D:\workspace-mercado\wsprocessador\target\classes;C:\Prodemge\maven\.m2\repositoryTeste\org\springframework\boot\spring-boot-starter-actuator\2.7.3\spring-boot-starter-actuator-2.7.3.jar;C:\Prodemge\maven\.m2\repositoryTeste\org\springframework\boot\spring-boot-starter\2.7.3\spring-boot-starter-2.7.3.jar;C:\Prodemge\maven\.m2\repositoryTeste\org\springframework\boot\spring-boot-starter-logging\2.7.3\spring-boot-starter-logging-2.7.3.jar;C:\Prodemge\maven\.m2\repositoryTeste\ch\qos\logback\logback-classic\1.2.11\logback-classic-1.2.11.jar;C:\Prodemge\maven\.m2\repositoryTeste\ch\qos\logback\logback-core\1.2.11\logback-core-1.2.11.jar;C:\Prodemge\maven\.m2\repositoryTeste\org\apache\logging\log4j\log4j-to-slf4j\2.17.2\log4j-to-slf4j-2.17.2.jar;C:\Prodemge\maven\.m2\repositoryTeste\org\apache\logging\log4j\log4j-api\2.17.2\log4j-api-2.17.2.jar;C:\Prodemge\maven\.m2\repositoryTeste\org\slf4j\jul-to-slf4j\1.7.36\jul-to-slf4j-1.7.36.jar;C:\Prodemge\maven\.m2\repositoryTeste\jakarta\annotation\jakarta.annotation-api\1.3.5\jakarta.annotation-api-1.3.5.jar;C:\Prodemge\maven\.m2\repositoryTeste\org\yaml\snakeyaml\1.30\snakeyaml-1.30.jar;C:\Prodemge\maven\.m2\repositoryTeste\org\springframework\boot\spring-boot-actuator-autoconfigure\2.7.3\spring-boot-actuator-autoconfigure-2.7.3.jar;C:\Prodemge\maven\.m2\repositoryTeste\org\springframework\boot\spring-boot-actuator\2.7.3\spring-boot-actuator-2.7.3.jar;C:\Prodemge\maven\.m2\repositoryTeste\com\fasterxml\jackson\core\jackson-databind\2.13.3\jackson-databind-2.13.3.jar;C:\Prodemge\maven\.m2\repositoryTeste\com\fasterxml\jackson\core\jackson-annotations\2.13.3\jackson-annotations-2.13.3.jar;C:\Prodemge\maven\.m2\repositoryTeste\com\fasterxml\jackson\core\jackson-core\2.13.3\jackson-core-2.13.3.jar;C:\Prodemge\maven\.m2\repositoryTeste\com\fasterxml\jackson\datatype\jackson-datatype-jsr310\2.13.3\jackson-datatype-jsr310-2.13.3.jar;C:\Prodemge\maven\.m2\repositoryTeste\io\micrometer\micrometer-core\1.9.3\micrometer-core-1.9.3.jar;C:\Prodemge\maven\.m2\repositoryTeste\org\hdrhistogram\HdrHistogram\2.1.12\HdrHistogram-2.1.12.jar;C:\Prodemge\maven\.m2\repositoryTeste\org\latencyutils\LatencyUtils\2.0.3\LatencyUtils-2.0.3.jar;C:\Prodemge\maven\.m2\repositoryTeste\org\springframework\boot\spring-boot-starter-amqp\2.7.3\spring-boot-starter-amqp-2.7.3.jar;C:\Prodemge\maven\.m2\repositoryTeste\org\springframework\spring-messaging\5.3.22\spring-messaging-5.3.22.jar;C:\Prodemge\maven\.m2\repositoryTeste\org\springframework\spring-beans\5.3.22\spring-beans-5.3.22.jar;C:\Prodemge\maven\.m2\repositoryTeste\org\springframework\amqp\spring-rabbit\2.4.6\spring-rabbit-2.4.6.jar;C:\Prodemge\maven\.m2\repositoryTeste\org\springframework\amqp\spring-amqp\2.4.6\spring-amqp-2.4.6.jar;C:\Prodemge\maven\.m2\repositoryTeste\org\springframework\retry\spring-retry\1.3.3\spring-retry-1.3.3.jar;C:\Prodemge\maven\.m2\repositoryTeste\com\rabbitmq\amqp-client\5.14.2\amqp-client-5.14.2.jar;C:\Prodemge\maven\.m2\repositoryTeste\org\springframework\spring-context\5.3.22\spring-context-5.3.22.jar;C:\Prodemge\maven\.m2\repositoryTeste\org\springframework\spring-tx\5.3.22\spring-tx-5.3.22.jar;C:\Prodemge\maven\.m2\repositoryTeste\org\springframework\boot\spring-boot-starter-data-jpa\2.7.3\spring-boot-starter-data-jpa-2.7.3.jar;C:\Prodemge\maven\.m2\repositoryTeste\org\springframework\boot\spring-boot-starter-aop\2.7.3\spring-boot-starter-aop-2.7.3.jar;C:\Prodemge\maven\.m2\repositoryTeste\org\springframework\spring-aop\5.3.22\spring-aop-5.3.22.jar;C:\Prodemge\maven\.m2\repositoryTeste\org\aspectj\aspectjweaver\1.9.7\aspectjweaver-1.9.7.jar;C:\Prodemge\maven\.m2\repositoryTeste\org\springframework\boot\spring-boot-starter-jdbc\2.7.3\spring-boot-starter-jdbc-2.7.3.jar;C:\Prodemge\maven\.m2\repositoryTeste\com\zaxxer\HikariCP\4.0.3\HikariCP-4.0.3.jar;C:\Prodemge\maven\.m2\repositoryTeste\org\springframework\spring-jdbc\5.3.22\spring-jdbc-5.3.22.jar;C:\Prodemge\maven\.m2\repositoryTeste\jakarta\transaction\jakarta.transaction-api\1.3.3\jakarta.transaction-api-1.3.3.jar;C:\Prodemge\maven\.m2\repositoryTeste\jakarta\persistence\jakarta.persistence-api\2.2.3\jakarta.persistence-api-2.2.3.jar;C:\Prodemge\maven\.m2\repositoryTeste\org\hibernate\hibernate-core\5.6.10.Final\hibernate-core-5.6.10.Final.jar;C:\Prodemge\maven\.m2\repositoryTeste\org\jboss\logging\jboss-logging\3.4.3.Final\jboss-logging-3.4.3.Final.jar;C:\Prodemge\maven\.m2\repositoryTeste\net\bytebuddy\byte-buddy\1.12.13\byte-buddy-1.12.13.jar;C:\Prodemge\maven\.m2\repositoryTeste\antlr\antlr\2.7.7\antlr-2.7.7.jar;C:\Prodemge\maven\.m2\repositoryTeste\org\jboss\jandex\2.4.2.Final\jandex-2.4.2.Final.jar;C:\Prodemge\maven\.m2\repositoryTeste\com\fasterxml\classmate\1.5.1\classmate-1.5.1.jar;C:\Prodemge\maven\.m2\repositoryTeste\org\hibernate\common\hibernate-commons-annotations\5.1.2.Final\hibernate-commons-annotations-5.1.2.Final.jar;C:\Prodemge\maven\.m2\repositoryTeste\org\glassfish\jaxb\jaxb-runtime\2.3.6\jaxb-runtime-2.3.6.jar;C:\Prodemge\maven\.m2\repositoryTeste\org\glassfish\jaxb\txw2\2.3.6\txw2-2.3.6.jar;C:\Prodemge\maven\.m2\repositoryTeste\com\sun\istack\istack-commons-runtime\3.0.12\istack-commons-runtime-3.0.12.jar;C:\Prodemge\maven\.m2\repositoryTeste\com\sun\activation\jakarta.activation\1.2.2\jakarta.activation-1.2.2.jar;C:\Prodemge\maven\.m2\repositoryTeste\org\springframework\data\spring-data-jpa\2.7.2\spring-data-jpa-2.7.2.jar;C:\Prodemge\maven\.m2\repositoryTeste\org\springframework\data\spring-data-commons\2.7.2\spring-data-commons-2.7.2.jar;C:\Prodemge\maven\.m2\repositoryTeste\org\springframework\spring-orm\5.3.22\spring-orm-5.3.22.jar;C:\Prodemge\maven\.m2\repositoryTeste\org\slf4j\slf4j-api\1.7.36\slf4j-api-1.7.36.jar;C:\Prodemge\maven\.m2\repositoryTeste\org\springframework\spring-aspects\5.3.22\spring-aspects-5.3.22.jar;C:\Prodemge\maven\.m2\repositoryTeste\org\springframework\boot\spring-boot-starter-data-mongodb\2.7.3\spring-boot-starter-data-mongodb-2.7.3.jar;C:\Prodemge\maven\.m2\repositoryTeste\org\mongodb\mongodb-driver-sync\4.6.1\mongodb-driver-sync-4.6.1.jar;C:\Prodemge\maven\.m2\repositoryTeste\org\mongodb\bson\4.6.1\bson-4.6.1.jar;C:\Prodemge\maven\.m2\repositoryTeste\org\mongodb\mongodb-driver-core\4.6.1\mongodb-driver-core-4.6.1.jar;C:\Prodemge\maven\.m2\repositoryTeste\org\mongodb\bson-record-codec\4.6.1\bson-record-codec-4.6.1.jar;C:\Prodemge\maven\.m2\repositoryTeste\org\springframework\data\spring-data-mongodb\3.4.2\spring-data-mongodb-3.4.2.jar;C:\Prodemge\maven\.m2\repositoryTeste\org\springframework\spring-expression\5.3.22\spring-expression-5.3.22.jar;C:\Prodemge\maven\.m2\repositoryTeste\org\springframework\boot\spring-boot-starter-web\2.7.3\spring-boot-starter-web-2.7.3.jar;C:\Prodemge\maven\.m2\repositoryTeste\org\springframework\boot\spring-boot-starter-json\2.7.3\spring-boot-starter-json-2.7.3.jar;C:\Prodemge\maven\.m2\repositoryTeste\com\fasterxml\jackson\datatype\jackson-datatype-jdk8\2.13.3\jackson-datatype-jdk8-2.13.3.jar;C:\Prodemge\maven\.m2\repositoryTeste\com\fasterxml\jackson\module\jackson-module-parameter-names\2.13.3\jackson-module-parameter-names-2.13.3.jar;C:\Prodemge\maven\.m2\repositoryTeste\org\springframework\boot\spring-boot-starter-tomcat\2.7.3\spring-boot-starter-tomcat-2.7.3.jar;C:\Prodemge\maven\.m2\repositoryTeste\org\apache\tomcat\embed\tomcat-embed-core\9.0.65\tomcat-embed-core-9.0.65.jar;C:\Prodemge\maven\.m2\repositoryTeste\org\apache\tomcat\embed\tomcat-embed-el\9.0.65\tomcat-embed-el-9.0.65.jar;C:\Prodemge\maven\.m2\repositoryTeste\org\apache\tomcat\embed\tomcat-embed-websocket\9.0.65\tomcat-embed-websocket-9.0.65.jar;C:\Prodemge\maven\.m2\repositoryTeste\org\springframework\spring-web\5.3.22\spring-web-5.3.22.jar;C:\Prodemge\maven\.m2\repositoryTeste\org\springframework\spring-webmvc\5.3.22\spring-webmvc-5.3.22.jar;C:\Prodemge\maven\.m2\repositoryTeste\org\springframework\boot\spring-boot-devtools\2.7.3\spring-boot-devtools-2.7.3.jar;C:\Prodemge\maven\.m2\repositoryTeste\org\springframework\boot\spring-boot\2.7.3\spring-boot-2.7.3.jar;C:\Prodemge\maven\.m2\repositoryTeste\org\springframework\boot\spring-boot-autoconfigure\2.7.3\spring-boot-autoconfigure-2.7.3.jar;C:\Prodemge\maven\.m2\repositoryTeste\org\springframework\boot\spring-boot-starter-test\2.7.3\spring-boot-starter-test-2.7.3.jar;C:\Prodemge\maven\.m2\repositoryTeste\org\springframework\boot\spring-boot-test\2.7.3\spring-boot-test-2.7.3.jar;C:\Prodemge\maven\.m2\repositoryTeste\org\springframework\boot\spring-boot-test-autoconfigure\2.7.3\spring-boot-test-autoconfigure-2.7.3.jar;C:\Prodemge\maven\.m2\repositoryTeste\com\jayway\jsonpath\json-path\2.7.0\json-path-2.7.0.jar;C:\Prodemge\maven\.m2\repositoryTeste\net\minidev\json-smart\2.4.8\json-smart-2.4.8.jar;C:\Prodemge\maven\.m2\repositoryTeste\net\minidev\accessors-smart\2.4.8\accessors-smart-2.4.8.jar;C:\Prodemge\maven\.m2\repositoryTeste\org\ow2\asm\asm\9.1\asm-9.1.jar;C:\Prodemge\maven\.m2\repositoryTeste\jakarta\xml\bind\jakarta.xml.bind-api\2.3.3\jakarta.xml.bind-api-2.3.3.jar;C:\Prodemge\maven\.m2\repositoryTeste\jakarta\activation\jakarta.activation-api\1.2.2\jakarta.activation-api-1.2.2.jar;C:\Prodemge\maven\.m2\repositoryTeste\org\assertj\assertj-core\3.22.0\assertj-core-3.22.0.jar;C:\Prodemge\maven\.m2\repositoryTeste\org\hamcrest\hamcrest\2.2\hamcrest-2.2.jar;C:\Prodemge\maven\.m2\repositoryTeste\org\junit\jupiter\junit-jupiter\5.8.2\junit-jupiter-5.8.2.jar;C:\Prodemge\maven\.m2\repositoryTeste\org\junit\jupiter\junit-jupiter-api\5.8.2\junit-jupiter-api-5.8.2.jar;C:\Prodemge\maven\.m2\repositoryTeste\org\opentest4j\opentest4j\1.2.0\opentest4j-1.2.0.jar;C:\Prodemge\maven\.m2\repositoryTeste\org\junit\platform\junit-platform-commons\1.8.2\junit-platform-commons-1.8.2.jar;C:\Prodemge\maven\.m2\repositoryTeste\org\apiguardian\apiguardian-api\1.1.2\apiguardian-api-1.1.2.jar;C:\Prodemge\maven\.m2\repositoryTeste\org\junit\jupiter\junit-jupiter-params\5.8.2\junit-jupiter-params-5.8.2.jar;C:\Prodemge\maven\.m2\repositoryTeste\org\junit\jupiter\junit-jupiter-engine\5.8.2\junit-jupiter-engine-5.8.2.jar;C:\Prodemge\maven\.m2\repositoryTeste\org\junit\platform\junit-platform-engine\1.8.2\junit-platform-engine-1.8.2.jar;C:\Prodemge\maven\.m2\repositoryTeste\org\mockito\mockito-core\4.5.1\mockito-core-4.5.1.jar;C:\Prodemge\maven\.m2\repositoryTeste\net\bytebuddy\byte-buddy-agent\1.12.13\byte-buddy-agent-1.12.13.jar;C:\Prodemge\maven\.m2\repositoryTeste\org\objenesis\objenesis\3.2\objenesis-3.2.jar;C:\Prodemge\maven\.m2\repositoryTeste\org\mockito\mockito-junit-jupiter\4.5.1\mockito-junit-jupiter-4.5.1.jar;C:\Prodemge\maven\.m2\repositoryTeste\org\skyscreamer\jsonassert\1.5.1\jsonassert-1.5.1.jar;C:\Prodemge\maven\.m2\repositoryTeste\com\vaadin\external\google\android-json\0.0.20131108.vaadin1\android-json-0.0.20131108.vaadin1.jar;C:\Prodemge\maven\.m2\repositoryTeste\org\springframework\spring-core\5.3.22\spring-core-5.3.22.jar;C:\Prodemge\maven\.m2\repositoryTeste\org\springframework\spring-jcl\5.3.22\spring-jcl-5.3.22.jar;C:\Prodemge\maven\.m2\repositoryTeste\org\springframework\spring-test\5.3.22\spring-test-5.3.22.jar;C:\Prodemge\maven\.m2\repositoryTeste\org\xmlunit\xmlunit-core\2.9.0\xmlunit-core-2.9.0.jar;C:\Prodemge\maven\.m2\repositoryTeste\org\springframework\amqp\spring-rabbit-test\2.4.6\spring-rabbit-test-2.4.6.jar;C:\Prodemge\maven\.m2\repositoryTeste\org\springframework\amqp\spring-rabbit-junit\2.4.6\spring-rabbit-junit-2.4.6.jar;C:\Prodemge\maven\.m2\repositoryTeste\com\rabbitmq\http-client\3.12.1\http-client-3.12.1.jar;C:\Prodemge\maven\.m2\repositoryTeste\org\codehaus\groovy\groovy\3.0.12\groovy-3.0.12.jar;C:\Prodemge\maven\.m2\repositoryTeste\org\codehaus\groovy\groovy-json\3.0.12\groovy-json-3.0.12.jar;C:\Prodemge\maven\.m2\repositoryTeste\org\hamcrest\hamcrest-library\2.2\hamcrest-library-2.2.jar;C:\Prodemge\maven\.m2\repositoryTeste\org\hamcrest\hamcrest-core\2.2\hamcrest-core-2.2.jar;"/>
    <property name="java.vm.vendor" value="Oracle Corporation"/>
    <property name="sun.arch.data.model" value="64"/>
    <property name="user.variant" value=""/>
    <property name="java.vendor.url" value="https://java.oracle.com/"/>
    <property name="user.timezone" value="America/Sao_Paulo"/>
    <property name="os.name" value="Windows 10"/>
    <property name="java.vm.specification.version" value="17"/>
    <property name="sun.java.launcher" value="SUN_STANDARD"/>
    <property name="user.country" value="BR"/>
    <property name="sun.boot.library.path" value="C:\Program Files\Java\jdk-17.0.3.1\bin"/>
    <property name="sun.java.command" value="C:\Users\filipe\AppData\Local\Temp\surefire15999197618560544305\surefirebooter6728145847638794406.jar C:\Users\filipe\AppData\Local\Temp\surefire15999197618560544305 2022-09-07T19-27-24_848-jvmRun1 surefire17401862435561355688tmp surefire_010287338500743116537tmp"/>
    <property name="jdk.debug" value="release"/>
    <property name="surefire.test.class.path" value="D:\workspace-mercado\wsprocessador\target\test-classes;D:\workspace-mercado\wsprocessador\target\classes;C:\Prodemge\maven\.m2\repositoryTeste\org\springframework\boot\spring-boot-starter-actuator\2.7.3\spring-boot-starter-actuator-2.7.3.jar;C:\Prodemge\maven\.m2\repositoryTeste\org\springframework\boot\spring-boot-starter\2.7.3\spring-boot-starter-2.7.3.jar;C:\Prodemge\maven\.m2\repositoryTeste\org\springframework\boot\spring-boot-starter-logging\2.7.3\spring-boot-starter-logging-2.7.3.jar;C:\Prodemge\maven\.m2\repositoryTeste\ch\qos\logback\logback-classic\1.2.11\logback-classic-1.2.11.jar;C:\Prodemge\maven\.m2\repositoryTeste\ch\qos\logback\logback-core\1.2.11\logback-core-1.2.11.jar;C:\Prodemge\maven\.m2\repositoryTeste\org\apache\logging\log4j\log4j-to-slf4j\2.17.2\log4j-to-slf4j-2.17.2.jar;C:\Prodemge\maven\.m2\repositoryTeste\org\apache\logging\log4j\log4j-api\2.17.2\log4j-api-2.17.2.jar;C:\Prodemge\maven\.m2\repositoryTeste\org\slf4j\jul-to-slf4j\1.7.36\jul-to-slf4j-1.7.36.jar;C:\Prodemge\maven\.m2\repositoryTeste\jakarta\annotation\jakarta.annotation-api\1.3.5\jakarta.annotation-api-1.3.5.jar;C:\Prodemge\maven\.m2\repositoryTeste\org\yaml\snakeyaml\1.30\snakeyaml-1.30.jar;C:\Prodemge\maven\.m2\repositoryTeste\org\springframework\boot\spring-boot-actuator-autoconfigure\2.7.3\spring-boot-actuator-autoconfigure-2.7.3.jar;C:\Prodemge\maven\.m2\repositoryTeste\org\springframework\boot\spring-boot-actuator\2.7.3\spring-boot-actuator-2.7.3.jar;C:\Prodemge\maven\.m2\repositoryTeste\com\fasterxml\jackson\core\jackson-databind\2.13.3\jackson-databind-2.13.3.jar;C:\Prodemge\maven\.m2\repositoryTeste\com\fasterxml\jackson\core\jackson-annotations\2.13.3\jackson-annotations-2.13.3.jar;C:\Prodemge\maven\.m2\repositoryTeste\com\fasterxml\jackson\core\jackson-core\2.13.3\jackson-core-2.13.3.jar;C:\Prodemge\maven\.m2\repositoryTeste\com\fasterxml\jackson\datatype\jackson-datatype-jsr310\2.13.3\jackson-datatype-jsr310-2.13.3.jar;C:\Prodemge\maven\.m2\repositoryTeste\io\micrometer\micrometer-core\1.9.3\micrometer-core-1.9.3.jar;C:\Prodemge\maven\.m2\repositoryTeste\org\hdrhistogram\HdrHistogram\2.1.12\HdrHistogram-2.1.12.jar;C:\Prodemge\maven\.m2\repositoryTeste\org\latencyutils\LatencyUtils\2.0.3\LatencyUtils-2.0.3.jar;C:\Prodemge\maven\.m2\repositoryTeste\org\springframework\boot\spring-boot-starter-amqp\2.7.3\spring-boot-starter-amqp-2.7.3.jar;C:\Prodemge\maven\.m2\repositoryTeste\org\springframework\spring-messaging\5.3.22\spring-messaging-5.3.22.jar;C:\Prodemge\maven\.m2\repositoryTeste\org\springframework\spring-beans\5.3.22\spring-beans-5.3.22.jar;C:\Prodemge\maven\.m2\repositoryTeste\org\springframework\amqp\spring-rabbit\2.4.6\spring-rabbit-2.4.6.jar;C:\Prodemge\maven\.m2\repositoryTeste\org\springframework\amqp\spring-amqp\2.4.6\spring-amqp-2.4.6.jar;C:\Prodemge\maven\.m2\repositoryTeste\org\springframework\retry\spring-retry\1.3.3\spring-retry-1.3.3.jar;C:\Prodemge\maven\.m2\repositoryTeste\com\rabbitmq\amqp-client\5.14.2\amqp-client-5.14.2.jar;C:\Prodemge\maven\.m2\repositoryTeste\org\springframework\spring-context\5.3.22\spring-context-5.3.22.jar;C:\Prodemge\maven\.m2\repositoryTeste\org\springframework\spring-tx\5.3.22\spring-tx-5.3.22.jar;C:\Prodemge\maven\.m2\repositoryTeste\org\springframework\boot\spring-boot-starter-data-jpa\2.7.3\spring-boot-starter-data-jpa-2.7.3.jar;C:\Prodemge\maven\.m2\repositoryTeste\org\springframework\boot\spring-boot-starter-aop\2.7.3\spring-boot-starter-aop-2.7.3.jar;C:\Prodemge\maven\.m2\repositoryTeste\org\springframework\spring-aop\5.3.22\spring-aop-5.3.22.jar;C:\Prodemge\maven\.m2\repositoryTeste\org\aspectj\aspectjweaver\1.9.7\aspectjweaver-1.9.7.jar;C:\Prodemge\maven\.m2\repositoryTeste\org\springframework\boot\spring-boot-starter-jdbc\2.7.3\spring-boot-starter-jdbc-2.7.3.jar;C:\Prodemge\maven\.m2\repositoryTeste\com\zaxxer\HikariCP\4.0.3\HikariCP-4.0.3.jar;C:\Prodemge\maven\.m2\repositoryTeste\org\springframework\spring-jdbc\5.3.22\spring-jdbc-5.3.22.jar;C:\Prodemge\maven\.m2\repositoryTeste\jakarta\transaction\jakarta.transaction-api\1.3.3\jakarta.transaction-api-1.3.3.jar;C:\Prodemge\maven\.m2\repositoryTeste\jakarta\persistence\jakarta.persistence-api\2.2.3\jakarta.persistence-api-2.2.3.jar;C:\Prodemge\maven\.m2\repositoryTeste\org\hibernate\hibernate-core\5.6.10.Final\hibernate-core-5.6.10.Final.jar;C:\Prodemge\maven\.m2\repositoryTeste\org\jboss\logging\jboss-logging\3.4.3.Final\jboss-logging-3.4.3.Final.jar;C:\Prodemge\maven\.m2\repositoryTeste\net\bytebuddy\byte-buddy\1.12.13\byte-buddy-1.12.13.jar;C:\Prodemge\maven\.m2\repositoryTeste\antlr\antlr\2.7.7\antlr-2.7.7.jar;C:\Prodemge\maven\.m2\repositoryTeste\org\jboss\jandex\2.4.2.Final\jandex-2.4.2.Final.jar;C:\Prodemge\maven\.m2\repositoryTeste\com\fasterxml\classmate\1.5.1\classmate-1.5.1.jar;C:\Prodemge\maven\.m2\repositoryTeste\org\hibernate\common\hibernate-commons-annotations\5.1.2.Final\hibernate-commons-annotations-5.1.2.Final.jar;C:\Prodemge\maven\.m2\repositoryTeste\org\glassfish\jaxb\jaxb-runtime\2.3.6\jaxb-runtime-2.3.6.jar;C:\Prodemge\maven\.m2\repositoryTeste\org\glassfish\jaxb\txw2\2.3.6\txw2-2.3.6.jar;C:\Prodemge\maven\.m2\repositoryTeste\com\sun\istack\istack-commons-runtime\3.0.12\istack-commons-runtime-3.0.12.jar;C:\Prodemge\maven\.m2\repositoryTeste\com\sun\activation\jakarta.activation\1.2.2\jakarta.activation-1.2.2.jar;C:\Prodemge\maven\.m2\repositoryTeste\org\springframework\data\spring-data-jpa\2.7.2\spring-data-jpa-2.7.2.jar;C:\Prodemge\maven\.m2\repositoryTeste\org\springframework\data\spring-data-commons\2.7.2\spring-data-commons-2.7.2.jar;C:\Prodemge\maven\.m2\repositoryTeste\org\springframework\spring-orm\5.3.22\spring-orm-5.3.22.jar;C:\Prodemge\maven\.m2\repositoryTeste\org\slf4j\slf4j-api\1.7.36\slf4j-api-1.7.36.jar;C:\Prodemge\maven\.m2\repositoryTeste\org\springframework\spring-aspects\5.3.22\spring-aspects-5.3.22.jar;C:\Prodemge\maven\.m2\repositoryTeste\org\springframework\boot\spring-boot-starter-data-mongodb\2.7.3\spring-boot-starter-data-mongodb-2.7.3.jar;C:\Prodemge\maven\.m2\repositoryTeste\org\mongodb\mongodb-driver-sync\4.6.1\mongodb-driver-sync-4.6.1.jar;C:\Prodemge\maven\.m2\repositoryTeste\org\mongodb\bson\4.6.1\bson-4.6.1.jar;C:\Prodemge\maven\.m2\repositoryTeste\org\mongodb\mongodb-driver-core\4.6.1\mongodb-driver-core-4.6.1.jar;C:\Prodemge\maven\.m2\repositoryTeste\org\mongodb\bson-record-codec\4.6.1\bson-record-codec-4.6.1.jar;C:\Prodemge\maven\.m2\repositoryTeste\org\springframework\data\spring-data-mongodb\3.4.2\spring-data-mongodb-3.4.2.jar;C:\Prodemge\maven\.m2\repositoryTeste\org\springframework\spring-expression\5.3.22\spring-expression-5.3.22.jar;C:\Prodemge\maven\.m2\repositoryTeste\org\springframework\boot\spring-boot-starter-web\2.7.3\spring-boot-starter-web-2.7.3.jar;C:\Prodemge\maven\.m2\repositoryTeste\org\springframework\boot\spring-boot-starter-json\2.7.3\spring-boot-starter-json-2.7.3.jar;C:\Prodemge\maven\.m2\repositoryTeste\com\fasterxml\jackson\datatype\jackson-datatype-jdk8\2.13.3\jackson-datatype-jdk8-2.13.3.jar;C:\Prodemge\maven\.m2\repositoryTeste\com\fasterxml\jackson\module\jackson-module-parameter-names\2.13.3\jackson-module-parameter-names-2.13.3.jar;C:\Prodemge\maven\.m2\repositoryTeste\org\springframework\boot\spring-boot-starter-tomcat\2.7.3\spring-boot-starter-tomcat-2.7.3.jar;C:\Prodemge\maven\.m2\repositoryTeste\org\apache\tomcat\embed\tomcat-embed-core\9.0.65\tomcat-embed-core-9.0.65.jar;C:\Prodemge\maven\.m2\repositoryTeste\org\apache\tomcat\embed\tomcat-embed-el\9.0.65\tomcat-embed-el-9.0.65.jar;C:\Prodemge\maven\.m2\repositoryTeste\org\apache\tomcat\embed\tomcat-embed-websocket\9.0.65\tomcat-embed-websocket-9.0.65.jar;C:\Prodemge\maven\.m2\repositoryTeste\org\springframework\spring-web\5.3.22\spring-web-5.3.22.jar;C:\Prodemge\maven\.m2\repositoryTeste\org\springframework\spring-webmvc\5.3.22\spring-webmvc-5.3.22.jar;C:\Prodemge\maven\.m2\repositoryTeste\org\springframework\boot\spring-boot-devtools\2.7.3\spring-boot-devtools-2.7.3.jar;C:\Prodemge\maven\.m2\repositoryTeste\org\springframework\boot\spring-boot\2.7.3\spring-boot-2.7.3.jar;C:\Prodemge\maven\.m2\repositoryTeste\org\springframework\boot\spring-boot-autoconfigure\2.7.3\spring-boot-autoconfigure-2.7.3.jar;C:\Prodemge\maven\.m2\repositoryTeste\org\springframework\boot\spring-boot-starter-test\2.7.3\spring-boot-starter-test-2.7.3.jar;C:\Prodemge\maven\.m2\repositoryTeste\org\springframework\boot\spring-boot-test\2.7.3\spring-boot-test-2.7.3.jar;C:\Prodemge\maven\.m2\repositoryTeste\org\springframework\boot\spring-boot-test-autoconfigure\2.7.3\spring-boot-test-autoconfigure-2.7.3.jar;C:\Prodemge\maven\.m2\repositoryTeste\com\jayway\jsonpath\json-path\2.7.0\json-path-2.7.0.jar;C:\Prodemge\maven\.m2\repositoryTeste\net\minidev\json-smart\2.4.8\json-smart-2.4.8.jar;C:\Prodemge\maven\.m2\repositoryTeste\net\minidev\accessors-smart\2.4.8\accessors-smart-2.4.8.jar;C:\Prodemge\maven\.m2\repositoryTeste\org\ow2\asm\asm\9.1\asm-9.1.jar;C:\Prodemge\maven\.m2\repositoryTeste\jakarta\xml\bind\jakarta.xml.bind-api\2.3.3\jakarta.xml.bind-api-2.3.3.jar;C:\Prodemge\maven\.m2\repositoryTeste\jakarta\activation\jakarta.activation-api\1.2.2\jakarta.activation-api-1.2.2.jar;C:\Prodemge\maven\.m2\repositoryTeste\org\assertj\assertj-core\3.22.0\assertj-core-3.22.0.jar;C:\Prodemge\maven\.m2\repositoryTeste\org\hamcrest\hamcrest\2.2\hamcrest-2.2.jar;C:\Prodemge\maven\.m2\repositoryTeste\org\junit\jupiter\junit-jupiter\5.8.2\junit-jupiter-5.8.2.jar;C:\Prodemge\maven\.m2\repositoryTeste\org\junit\jupiter\junit-jupiter-api\5.8.2\junit-jupiter-api-5.8.2.jar;C:\Prodemge\maven\.m2\repositoryTeste\org\opentest4j\opentest4j\1.2.0\opentest4j-1.2.0.jar;C:\Prodemge\maven\.m2\repositoryTeste\org\junit\platform\junit-platform-commons\1.8.2\junit-platform-commons-1.8.2.jar;C:\Prodemge\maven\.m2\repositoryTeste\org\apiguardian\apiguardian-api\1.1.2\apiguardian-api-1.1.2.jar;C:\Prodemge\maven\.m2\repositoryTeste\org\junit\jupiter\junit-jupiter-params\5.8.2\junit-jupiter-params-5.8.2.jar;C:\Prodemge\maven\.m2\repositoryTeste\org\junit\jupiter\junit-jupiter-engine\5.8.2\junit-jupiter-engine-5.8.2.jar;C:\Prodemge\maven\.m2\repositoryTeste\org\junit\platform\junit-platform-engine\1.8.2\junit-platform-engine-1.8.2.jar;C:\Prodemge\maven\.m2\repositoryTeste\org\mockito\mockito-core\4.5.1\mockito-core-4.5.1.jar;C:\Prodemge\maven\.m2\repositoryTeste\net\bytebuddy\byte-buddy-agent\1.12.13\byte-buddy-agent-1.12.13.jar;C:\Prodemge\maven\.m2\repositoryTeste\org\objenesis\objenesis\3.2\objenesis-3.2.jar;C:\Prodemge\maven\.m2\repositoryTeste\org\mockito\mockito-junit-jupiter\4.5.1\mockito-junit-jupiter-4.5.1.jar;C:\Prodemge\maven\.m2\repositoryTeste\org\skyscreamer\jsonassert\1.5.1\jsonassert-1.5.1.jar;C:\Prodemge\maven\.m2\repositoryTeste\com\vaadin\external\google\android-json\0.0.20131108.vaadin1\android-json-0.0.20131108.vaadin1.jar;C:\Prodemge\maven\.m2\repositoryTeste\org\springframework\spring-core\5.3.22\spring-core-5.3.22.jar;C:\Prodemge\maven\.m2\repositoryTeste\org\springframework\spring-jcl\5.3.22\spring-jcl-5.3.22.jar;C:\Prodemge\maven\.m2\repositoryTeste\org\springframework\spring-test\5.3.22\spring-test-5.3.22.jar;C:\Prodemge\maven\.m2\repositoryTeste\org\xmlunit\xmlunit-core\2.9.0\xmlunit-core-2.9.0.jar;C:\Prodemge\maven\.m2\repositoryTeste\org\springframework\amqp\spring-rabbit-test\2.4.6\spring-rabbit-test-2.4.6.jar;C:\Prodemge\maven\.m2\repositoryTeste\org\springframework\amqp\spring-rabbit-junit\2.4.6\spring-rabbit-junit-2.4.6.jar;C:\Prodemge\maven\.m2\repositoryTeste\com\rabbitmq\http-client\3.12.1\http-client-3.12.1.jar;C:\Prodemge\maven\.m2\repositoryTeste\org\codehaus\groovy\groovy\3.0.12\groovy-3.0.12.jar;C:\Prodemge\maven\.m2\repositoryTeste\org\codehaus\groovy\groovy-json\3.0.12\groovy-json-3.0.12.jar;C:\Prodemge\maven\.m2\repositoryTeste\org\hamcrest\hamcrest-library\2.2\hamcrest-library-2.2.jar;C:\Prodemge\maven\.m2\repositoryTeste\org\hamcrest\hamcrest-core\2.2\hamcrest-core-2.2.jar;"/>
    <property name="sun.cpu.endian" value="little"/>
    <property name="user.home" value="C:\Users\filipe"/>
    <property name="user.language" value="pt"/>
    <property name="java.specification.vendor" value="Oracle Corporation"/>
    <property name="java.version.date" value="2022-04-22"/>
    <property name="java.home" value="C:\Program Files\Java\jdk-17.0.3.1"/>
    <property name="file.separator" value="\"/>
    <property name="basedir" value="D:\workspace-mercado\wsprocessador"/>
    <property name="java.vm.compressedOopsMode" value="Zero based"/>
    <property name="line.separator" value="&#10;"/>
    <property name="java.vm.specification.vendor" value="Oracle Corporation"/>
    <property name="java.specification.name" value="Java Platform API Specification"/>
    <property name="surefire.real.class.path" value="C:\Users\filipe\AppData\Local\Temp\surefire15999197618560544305\surefirebooter6728145847638794406.jar"/>
    <property name="user.script" value=""/>
    <property name="sun.management.compiler" value="HotSpot 64-Bit Tiered Compilers"/>
    <property name="java.runtime.version" value="17.0.3.1+2-LTS-6"/>
    <property name="user.name" value="filipe"/>
    <property name="path.separator" value=";"/>
    <property name="os.version" value="10.0"/>
    <property name="java.runtime.name" value="Java(TM) SE Runtime Environment"/>
    <property name="file.encoding" value="Cp1252"/>
    <property name="java.vm.name" value="Java HotSpot(TM) 64-Bit Server VM"/>
    <property name="localRepository" value="C:\Prodemge\maven\.m2\repositoryTeste"/>
    <property name="java.vendor.url.bug" value="https://bugreport.java.com/bugreport/"/>
    <property name="java.io.tmpdir" value="C:\Users\filipe\AppData\Local\Temp\"/>
    <property name="java.version" value="17.0.3.1"/>
    <property name="user.dir" value="D:\workspace-mercado\wsprocessador"/>
    <property name="os.arch" value="amd64"/>
    <property name="java.vm.specification.name" value="Java Virtual Machine Specification"/>
    <property name="sun.os.patch.level" value=""/>
    <property name="native.encoding" value="Cp1252"/>
    <property name="java.library.path" value="C:\Program Files\Java\jdk-17.0.3.1\bin;C:\Windows\Sun\Java\bin;C:\Windows\system32;C:\Windows;C:\Program Files (x86)\Intel\iCLS Client\;C:\Program Files\Intel\iCLS Client\;C:\Program Files\Common Files\Oracle\Java\javapath;C:\Program Files (x86)\Common Files\Oracle\Java\javapath;C:\Windows\system32;C:\Windows;C:\Windows\System32\Wbem;C:\Windows\System32\WindowsPowerShell\v1.0\;C:\Windows\System32\OpenSSH\;C:\Program Files\NVIDIA Corporation\NVIDIA NvDLISR;C:\Program Files (x86)\NVIDIA Corporation\PhysX\Common;C:\Program Files\nodejs\;C:\apache-maven-3.8.4\bin;C:\Program Files\Git\cmd;C:\Program Files (x86)\Intel\Intel(R) Management Engine Components\DAL;C:\Program Files\Intel\Intel(R) Management Engine Components\DAL;C:\Program Files (x86)\Intel\Intel(R) Management Engine Components\IPT;C:\Program Files\Intel\Intel(R) Management Engine Components\IPT;C:\Program Files\Docker\Docker\resources\bin;C:\ProgramData\DockerDesktop\version-bin;C:\Program Files\Java\jdk-11.0.13\bin;C:\Program Files\MySQL\MySQL Shell 8.0\bin\;C:\Users\filipe\AppData\Local\Microsoft\WindowsApps;C:\Program Files\JetBrains\IntelliJ IDEA 2021.3.1\bin;C:\Users\filipe\AppData\Roaming\npm;C:\Users\filipe\AppData\Local\GitHubDesktop\bin;C:\Users\filipe\AppData\Local\Programs\Microsoft VS Code\bin;."/>
    <property name="java.vm.info" value="mixed mode, sharing"/>
    <property name="java.vendor" value="Oracle Corporation"/>
    <property name="java.vm.version" value="17.0.3.1+2-LTS-6"/>
    <property name="sun.io.unicode.encoding" value="UnicodeLittle"/>
    <property name="java.class.version" value="61.0"/>
  </properties>
  <testcase name="contextLoads" classname="com.mercado.wsprocessador.WsprocessadorApplicationTests" time="0.447"/>
</testsuite>